<?xml version="1.0" encoding="UTF-8"?>
<coverage generated="1592777460100" clover="3.2.0">
  <project timestamp="1592777460100" name="All files">
    <metrics statements="33" coveredstatements="21" conditionals="14" coveredconditionals="7" methods="9" coveredmethods="6" elements="56" coveredelements="34" complexity="0" loc="33" ncloc="33" packages="2" files="2" classes="2"/>
    <package name="Dashboard">
      <metrics statements="17" coveredstatements="12" conditionals="6" coveredconditionals="6" methods="4" coveredmethods="3"/>
      <file name="index.tsx" path="/home/larissa/Projetos/omdb-explorer/src/pages/Dashboard/index.tsx">
        <metrics statements="17" coveredstatements="12" conditionals="6" coveredconditionals="6" methods="4" coveredmethods="3"/>
        <line num="19" count="1" type="stmt"/>
        <line num="20" count="4" type="stmt"/>
        <line num="21" count="4" type="stmt"/>
        <line num="22" count="4" type="stmt"/>
        <line num="27" count="2" type="stmt"/>
        <line num="28" count="2" type="stmt"/>
        <line num="29" count="2" type="cond" truecount="2" falsecount="0"/>
        <line num="30" count="1" type="stmt"/>
        <line num="31" count="1" type="stmt"/>
        <line num="34" count="1" type="stmt"/>
        <line num="37" count="0" type="stmt"/>
        <line num="39" count="0" type="stmt"/>
        <line num="41" count="0" type="stmt"/>
        <line num="43" count="0" type="stmt"/>
        <line num="47" count="4" type="stmt"/>
        <line num="54" count="1" type="stmt"/>
        <line num="65" count="0" type="stmt"/>
      </file>
    </package>
    <package name="Movie">
      <metrics statements="16" coveredstatements="9" conditionals="8" coveredconditionals="1" methods="5" coveredmethods="3"/>
      <file name="index.tsx" path="/home/larissa/Projetos/omdb-explorer/src/pages/Movie/index.tsx">
        <metrics statements="16" coveredstatements="9" conditionals="8" coveredconditionals="1" methods="5" coveredmethods="3"/>
        <line num="34" count="1" type="stmt"/>
        <line num="35" count="1" type="stmt"/>
        <line num="36" count="1" type="stmt"/>
        <line num="37" count="1" type="stmt"/>
        <line num="39" count="1" type="stmt"/>
        <line num="41" count="1" type="stmt"/>
        <line num="42" count="1" type="stmt"/>
        <line num="43" count="0" type="stmt"/>
        <line num="45" count="0" type="stmt"/>
        <line num="47" count="0" type="cond" truecount="0" falsecount="2"/>
        <line num="48" count="0" type="stmt"/>
        <line num="51" count="0" type="cond" truecount="0" falsecount="2"/>
        <line num="52" count="0" type="stmt"/>
        <line num="57" count="1" type="stmt"/>
        <line num="59" count="1" type="stmt"/>
        <line num="84" count="0" type="stmt"/>
      </file>
    </package>
  </project>
</coverage>
