{"/home/larissa/Projetos/omdb-explorer/src/pages/Dashboard/index.tsx": {"path":"/home/larissa/Projetos/omdb-explorer/src/pages/Dashboard/index.tsx","statementMap":{"0":{"start":{"line":19,"column":28},"end":{"line":75,"column":1}},"1":{"start":{"line":20,"column":34},"end":{"line":20,"column":46}},"2":{"start":{"line":21,"column":38},"end":{"line":21,"column":50}},"3":{"start":{"line":22,"column":30},"end":{"line":22,"column":51}},"4":{"start":{"line":27,"column":4},"end":{"line":27,"column":27}},"5":{"start":{"line":28,"column":4},"end":{"line":44,"column":5}},"6":{"start":{"line":29,"column":6},"end":{"line":32,"column":7}},"7":{"start":{"line":30,"column":8},"end":{"line":30,"column":49}},"8":{"start":{"line":31,"column":8},"end":{"line":31,"column":15}},"9":{"start":{"line":34,"column":23},"end":{"line":36,"column":7}},"10":{"start":{"line":37,"column":33},"end":{"line":37,"column":46}},"11":{"start":{"line":39,"column":6},"end":{"line":39,"column":24}},"12":{"start":{"line":41,"column":6},"end":{"line":41,"column":24}},"13":{"start":{"line":43,"column":6},"end":{"line":43,"column":58}},"14":{"start":{"line":47,"column":2},"end":{"line":74,"column":4}},"15":{"start":{"line":54,"column":31},"end":{"line":54,"column":62}},"16":{"start":{"line":65,"column":12},"end":{"line":70,"column":19}}},"fnMap":{"0":{"name":"(anonymous_0)","decl":{"start":{"line":19,"column":28},"end":{"line":19,"column":29}},"loc":{"start":{"line":19,"column":34},"end":{"line":75,"column":1}},"line":19},"1":{"name":"handleSearchMovie","decl":{"start":{"line":24,"column":17},"end":{"line":24,"column":34}},"loc":{"start":{"line":26,"column":19},"end":{"line":45,"column":3}},"line":26},"2":{"name":"(anonymous_2)","decl":{"start":{"line":54,"column":20},"end":{"line":54,"column":21}},"loc":{"start":{"line":54,"column":31},"end":{"line":54,"column":62}},"line":54},"3":{"name":"(anonymous_3)","decl":{"start":{"line":64,"column":21},"end":{"line":64,"column":22}},"loc":{"start":{"line":65,"column":12},"end":{"line":70,"column":19}},"line":65}},"branchMap":{"0":{"loc":{"start":{"line":29,"column":6},"end":{"line":32,"column":7}},"type":"if","locations":[{"start":{"line":29,"column":6},"end":{"line":32,"column":7}},{"start":{"line":29,"column":6},"end":{"line":32,"column":7}}],"line":29},"1":{"loc":{"start":{"line":60,"column":7},"end":{"line":60,"column":48}},"type":"binary-expr","locations":[{"start":{"line":60,"column":7},"end":{"line":60,"column":17}},{"start":{"line":60,"column":21},"end":{"line":60,"column":48}}],"line":60},"2":{"loc":{"start":{"line":63,"column":9},"end":{"line":71,"column":12}},"type":"binary-expr","locations":[{"start":{"line":63,"column":9},"end":{"line":63,"column":15}},{"start":{"line":64,"column":10},"end":{"line":71,"column":12}}],"line":63}},"s":{"0":1,"1":4,"2":4,"3":4,"4":2,"5":2,"6":2,"7":1,"8":1,"9":1,"10":0,"11":0,"12":0,"13":0,"14":4,"15":1,"16":0},"f":{"0":4,"1":2,"2":1,"3":0},"b":{"0":[1,1],"1":[4,1],"2":[4,4]},"_coverageSchema":"43e27e138ebf9cfc5966b082cf9a028302ed4184","hash":"5600c054b5fc84f125f13998166716e4575bdab9"}
,"/home/larissa/Projetos/omdb-explorer/src/pages/Movie/index.tsx": {"path":"/home/larissa/Projetos/omdb-explorer/src/pages/Movie/index.tsx","statementMap":{"0":{"start":{"line":34,"column":24},"end":{"line":101,"column":1}},"1":{"start":{"line":35,"column":28},"end":{"line":35,"column":45}},"2":{"start":{"line":36,"column":30},"end":{"line":36,"column":41}},"3":{"start":{"line":37,"column":30},"end":{"line":37,"column":52}},"4":{"start":{"line":39,"column":21},"end":{"line":39,"column":49}},"5":{"start":{"line":41,"column":2},"end":{"line":55,"column":22}},"6":{"start":{"line":42,"column":4},"end":{"line":54,"column":7}},"7":{"start":{"line":43,"column":20},"end":{"line":43,"column":33}},"8":{"start":{"line":45,"column":6},"end":{"line":45,"column":22}},"9":{"start":{"line":47,"column":6},"end":{"line":49,"column":7}},"10":{"start":{"line":48,"column":8},"end":{"line":48,"column":48}},"11":{"start":{"line":51,"column":6},"end":{"line":53,"column":7}},"12":{"start":{"line":52,"column":8},"end":{"line":52,"column":43}},"13":{"start":{"line":57,"column":2},"end":{"line":100,"column":4}},"14":{"start":{"line":59,"column":49},"end":{"line":59,"column":70}},"15":{"start":{"line":84,"column":42},"end":{"line":84,"column":76}}},"fnMap":{"0":{"name":"(anonymous_0)","decl":{"start":{"line":34,"column":24},"end":{"line":34,"column":25}},"loc":{"start":{"line":34,"column":30},"end":{"line":101,"column":1}},"line":34},"1":{"name":"(anonymous_1)","decl":{"start":{"line":41,"column":12},"end":{"line":41,"column":13}},"loc":{"start":{"line":41,"column":18},"end":{"line":55,"column":3}},"line":41},"2":{"name":"(anonymous_2)","decl":{"start":{"line":42,"column":63},"end":{"line":42,"column":64}},"loc":{"start":{"line":42,"column":77},"end":{"line":54,"column":5}},"line":42},"3":{"name":"(anonymous_3)","decl":{"start":{"line":59,"column":43},"end":{"line":59,"column":44}},"loc":{"start":{"line":59,"column":49},"end":{"line":59,"column":70}},"line":59},"4":{"name":"(anonymous_4)","decl":{"start":{"line":84,"column":31},"end":{"line":84,"column":32}},"loc":{"start":{"line":84,"column":42},"end":{"line":84,"column":76}},"line":84}},"branchMap":{"0":{"loc":{"start":{"line":47,"column":6},"end":{"line":49,"column":7}},"type":"if","locations":[{"start":{"line":47,"column":6},"end":{"line":49,"column":7}},{"start":{"line":47,"column":6},"end":{"line":49,"column":7}}],"line":47},"1":{"loc":{"start":{"line":51,"column":6},"end":{"line":53,"column":7}},"type":"if","locations":[{"start":{"line":51,"column":6},"end":{"line":53,"column":7}},{"start":{"line":51,"column":6},"end":{"line":53,"column":7}}],"line":51},"2":{"loc":{"start":{"line":63,"column":7},"end":{"line":98,"column":7}},"type":"binary-expr","locations":[{"start":{"line":63,"column":7},"end":{"line":63,"column":12}},{"start":{"line":64,"column":8},"end":{"line":97,"column":20}}],"line":63},"3":{"loc":{"start":{"line":83,"column":19},"end":{"line":84,"column":77}},"type":"binary-expr","locations":[{"start":{"line":83,"column":19},"end":{"line":83,"column":32}},{"start":{"line":84,"column":20},"end":{"line":84,"column":77}}],"line":83}},"s":{"0":1,"1":1,"2":1,"3":1,"4":1,"5":1,"6":1,"7":0,"8":0,"9":0,"10":0,"11":0,"12":0,"13":1,"14":1,"15":0},"f":{"0":1,"1":1,"2":0,"3":1,"4":0},"b":{"0":[0,0],"1":[0,0],"2":[1,0],"3":[0,0]},"_coverageSchema":"43e27e138ebf9cfc5966b082cf9a028302ed4184","hash":"062e982a411eb62fbe83e490110258730b62df95"}
}
