TN:
SF:/home/larissa/Projetos/omdb-explorer/src/pages/Dashboard/index.tsx
FN:19,(anonymous_0)
FN:24,handleSearchMovie
FN:54,(anonymous_2)
FN:64,(anonymous_3)
FNF:4
FNH:3
FNDA:4,(anonymous_0)
FNDA:2,handleSearchMovie
FNDA:1,(anonymous_2)
FNDA:0,(anonymous_3)
DA:19,1
DA:20,4
DA:21,4
DA:22,4
DA:27,2
DA:28,2
DA:29,2
DA:30,1
DA:31,1
DA:34,1
DA:37,0
DA:39,0
DA:41,0
DA:43,0
DA:47,4
DA:54,1
DA:65,0
LF:17
LH:12
BRDA:29,0,0,1
BRDA:29,0,1,1
BRDA:60,1,0,4
BRDA:60,1,1,1
BRDA:63,2,0,4
BRDA:63,2,1,4
BRF:6
BRH:6
end_of_record
TN:
SF:/home/larissa/Projetos/omdb-explorer/src/pages/Movie/index.tsx
FN:34,(anonymous_0)
FN:41,(anonymous_1)
FN:42,(anonymous_2)
FN:59,(anonymous_3)
FN:84,(anonymous_4)
FNF:5
FNH:3
FNDA:1,(anonymous_0)
FNDA:1,(anonymous_1)
FNDA:0,(anonymous_2)
FNDA:1,(anonymous_3)
FNDA:0,(anonymous_4)
DA:34,1
DA:35,1
DA:36,1
DA:37,1
DA:39,1
DA:41,1
DA:42,1
DA:43,0
DA:45,0
DA:47,0
DA:48,0
DA:51,0
DA:52,0
DA:57,1
DA:59,1
DA:84,0
LF:16
LH:9
BRDA:47,0,0,0
BRDA:47,0,1,0
BRDA:51,1,0,0
BRDA:51,1,1,0
BRDA:63,2,0,1
BRDA:63,2,1,0
BRDA:83,3,0,0
BRDA:83,3,1,0
BRF:8
BRH:1
end_of_record
